<?xml version="1.0" encoding="UTF-8"?>
<!-- Generated by org.testng.reporters.JUnitXMLReporter -->
<testsuite ignored="0" hostname="Admin" failures="1" tests="1" name="Command line test" time="16.834" errors="0" timestamp="2023-04-16T17:51:54 ICT">
  <testcase classname="testRunners.TestCase" name="testValidateAddtoCartFunctionality" time="11.654">
    <failure type="java.lang.AssertionError" message="expected [false] but found [true]">
      <![CDATA[java.lang.AssertionError: expected [false] but found [true]
at pageObject.HomePage.validateThePricesSortAscending(HomePage.java:234)
at testRunners.TestCase.testValidateAddtoCartFunctionality(TestCase.java:84)
at java.base/java.util.ArrayList.forEach(ArrayList.java:1541)
... Removed 43 stack frames]]>
    </failure>
  </testcase> <!-- testValidateAddtoCartFunctionality -->
</testsuite> <!-- Command line test -->
